{"total": {"lines":{"total":1188,"covered":995,"skipped":0,"pct":83.75},"statements":{"total":1188,"covered":995,"skipped":0,"pct":83.75},"functions":{"total":34,"covered":29,"skipped":0,"pct":85.29},"branches":{"total":278,"covered":208,"skipped":0,"pct":74.82},"branchesTrue":{"total":0,"covered":0,"skipped":0,"pct":"Unknown"}}
,"/Users/exoulster/projects/worldpay-api-tester/apps/gateway/src/lib/auth-client.ts": {"lines":{"total":4,"covered":0,"skipped":0,"pct":0},"functions":{"total":1,"covered":0,"skipped":0,"pct":0},"statements":{"total":4,"covered":0,"skipped":0,"pct":0},"branches":{"total":1,"covered":0,"skipped":0,"pct":0}}
,"/Users/exoulster/projects/worldpay-api-tester/apps/gateway/src/lib/auth-server.ts": {"lines":{"total":75,"covered":21,"skipped":0,"pct":28},"functions":{"total":3,"covered":1,"skipped":0,"pct":33.33},"statements":{"total":75,"covered":21,"skipped":0,"pct":28},"branches":{"total":5,"covered":5,"skipped":0,"pct":100}}
,"/Users/exoulster/projects/worldpay-api-tester/apps/gateway/src/lib/auth.ts": {"lines":{"total":41,"covered":40,"skipped":0,"pct":97.56},"functions":{"total":3,"covered":3,"skipped":0,"pct":100},"statements":{"total":41,"covered":40,"skipped":0,"pct":97.56},"branches":{"total":15,"covered":12,"skipped":0,"pct":80}}
,"/Users/exoulster/projects/worldpay-api-tester/apps/gateway/src/lib/encryption.ts": {"lines":{"total":43,"covered":37,"skipped":0,"pct":86.04},"functions":{"total":3,"covered":3,"skipped":0,"pct":100},"statements":{"total":43,"covered":37,"skipped":0,"pct":86.04},"branches":{"total":5,"covered":3,"skipped":0,"pct":60}}
,"/Users/exoulster/projects/worldpay-api-tester/apps/gateway/src/lib/id-generator.ts": {"lines":{"total":18,"covered":16,"skipped":0,"pct":88.88},"functions":{"total":3,"covered":2,"skipped":0,"pct":66.66},"statements":{"total":18,"covered":16,"skipped":0,"pct":88.88},"branches":{"total":3,"covered":3,"skipped":0,"pct":100}}
,"/Users/exoulster/projects/worldpay-api-tester/apps/gateway/src/lib/middleware.ts": {"lines":{"total":37,"covered":21,"skipped":0,"pct":56.75},"functions":{"total":2,"covered":2,"skipped":0,"pct":100},"statements":{"total":37,"covered":21,"skipped":0,"pct":56.75},"branches":{"total":6,"covered":5,"skipped":0,"pct":83.33}}
,"/Users/exoulster/projects/worldpay-api-tester/apps/gateway/src/lib/payment-intent-service.ts": {"lines":{"total":720,"covered":620,"skipped":0,"pct":86.11},"functions":{"total":8,"covered":8,"skipped":0,"pct":100},"statements":{"total":720,"covered":620,"skipped":0,"pct":86.11},"branches":{"total":199,"covered":146,"skipped":0,"pct":73.36}}
,"/Users/exoulster/projects/worldpay-api-tester/apps/gateway/src/lib/schemas.ts": {"lines":{"total":62,"covered":62,"skipped":0,"pct":100},"functions":{"total":0,"covered":0,"skipped":0,"pct":100},"statements":{"total":62,"covered":62,"skipped":0,"pct":100},"branches":{"total":0,"covered":0,"skipped":0,"pct":100}}
,"/Users/exoulster/projects/worldpay-api-tester/apps/gateway/src/lib/statements-service.ts": {"lines":{"total":91,"covered":91,"skipped":0,"pct":100},"functions":{"total":1,"covered":1,"skipped":0,"pct":100},"statements":{"total":91,"covered":91,"skipped":0,"pct":100},"branches":{"total":24,"covered":22,"skipped":0,"pct":91.66}}
,"/Users/exoulster/projects/worldpay-api-tester/apps/gateway/src/lib/utils.ts": {"lines":{"total":5,"covered":5,"skipped":0,"pct":100},"functions":{"total":1,"covered":1,"skipped":0,"pct":100},"statements":{"total":5,"covered":5,"skipped":0,"pct":100},"branches":{"total":1,"covered":1,"skipped":0,"pct":100}}
,"/Users/exoulster/projects/worldpay-api-tester/apps/gateway/src/lib/worldpay-client.ts": {"lines":{"total":77,"covered":67,"skipped":0,"pct":87.01},"functions":{"total":6,"covered":5,"skipped":0,"pct":83.33},"statements":{"total":77,"covered":67,"skipped":0,"pct":87.01},"branches":{"total":12,"covered":7,"skipped":0,"pct":58.33}}
,"/Users/exoulster/projects/worldpay-api-tester/apps/gateway/src/lib/worldpay-types.ts": {"lines":{"total":0,"covered":0,"skipped":0,"pct":100},"functions":{"total":1,"covered":1,"skipped":0,"pct":100},"statements":{"total":0,"covered":0,"skipped":0,"pct":100},"branches":{"total":1,"covered":1,"skipped":0,"pct":100}}
,"/Users/exoulster/projects/worldpay-api-tester/apps/gateway/src/lib/worldpay.ts": {"lines":{"total":15,"covered":15,"skipped":0,"pct":100},"functions":{"total":2,"covered":2,"skipped":0,"pct":100},"statements":{"total":15,"covered":15,"skipped":0,"pct":100},"branches":{"total":6,"covered":3,"skipped":0,"pct":50}}
}
