{"total": {"lines":{"total":4030,"covered":2587,"skipped":0,"pct":64.19},"statements":{"total":4030,"covered":2587,"skipped":0,"pct":64.19},"functions":{"total":140,"covered":109,"skipped":0,"pct":77.85},"branches":{"total":692,"covered":528,"skipped":0,"pct":76.3},"branchesTrue":{"total":0,"covered":0,"skipped":0,"pct":100}}
,"/Users/exoulster/projects/worldpay-api-tester/apps/gateway/src/app/layout.tsx": {"lines":{"total":19,"covered":0,"skipped":0,"pct":0},"functions":{"total":1,"covered":1,"skipped":0,"pct":100},"statements":{"total":19,"covered":0,"skipped":0,"pct":0},"branches":{"total":1,"covered":1,"skipped":0,"pct":100}}
,"/Users/exoulster/projects/worldpay-api-tester/apps/gateway/src/app/page.tsx": {"lines":{"total":11,"covered":11,"skipped":0,"pct":100},"functions":{"total":1,"covered":1,"skipped":0,"pct":100},"statements":{"total":11,"covered":11,"skipped":0,"pct":100},"branches":{"total":1,"covered":1,"skipped":0,"pct":100}}
,"/Users/exoulster/projects/worldpay-api-tester/apps/gateway/src/app/(portal)/actions.ts": {"lines":{"total":67,"covered":0,"skipped":0,"pct":0},"functions":{"total":1,"covered":1,"skipped":0,"pct":100},"statements":{"total":67,"covered":0,"skipped":0,"pct":0},"branches":{"total":1,"covered":1,"skipped":0,"pct":100}}
,"/Users/exoulster/projects/worldpay-api-tester/apps/gateway/src/app/(portal)/auth-actions.ts": {"lines":{"total":94,"covered":0,"skipped":0,"pct":0},"functions":{"total":1,"covered":1,"skipped":0,"pct":100},"statements":{"total":94,"covered":0,"skipped":0,"pct":0},"branches":{"total":1,"covered":1,"skipped":0,"pct":100}}
,"/Users/exoulster/projects/worldpay-api-tester/apps/gateway/src/app/(portal)/auth-schemas.ts": {"lines":{"total":14,"covered":14,"skipped":0,"pct":100},"functions":{"total":1,"covered":1,"skipped":0,"pct":100},"statements":{"total":14,"covered":14,"skipped":0,"pct":100},"branches":{"total":1,"covered":1,"skipped":0,"pct":100}}
,"/Users/exoulster/projects/worldpay-api-tester/apps/gateway/src/app/(portal)/fraudsight-actions.ts": {"lines":{"total":108,"covered":0,"skipped":0,"pct":0},"functions":{"total":1,"covered":1,"skipped":0,"pct":100},"statements":{"total":108,"covered":0,"skipped":0,"pct":0},"branches":{"total":1,"covered":1,"skipped":0,"pct":100}}
,"/Users/exoulster/projects/worldpay-api-tester/apps/gateway/src/app/(portal)/layout.tsx": {"lines":{"total":33,"covered":0,"skipped":0,"pct":0},"functions":{"total":1,"covered":0,"skipped":0,"pct":0},"statements":{"total":33,"covered":0,"skipped":0,"pct":0},"branches":{"total":1,"covered":0,"skipped":0,"pct":0}}
,"/Users/exoulster/projects/worldpay-api-tester/apps/gateway/src/app/(portal)/components/portal-sidebar.tsx": {"lines":{"total":115,"covered":0,"skipped":0,"pct":0},"functions":{"total":1,"covered":1,"skipped":0,"pct":100},"statements":{"total":115,"covered":0,"skipped":0,"pct":0},"branches":{"total":1,"covered":1,"skipped":0,"pct":100}}
,"/Users/exoulster/projects/worldpay-api-tester/apps/gateway/src/app/(portal)/dashboard/page.tsx": {"lines":{"total":41,"covered":41,"skipped":0,"pct":100},"functions":{"total":1,"covered":1,"skipped":0,"pct":100},"statements":{"total":41,"covered":41,"skipped":0,"pct":100},"branches":{"total":11,"covered":11,"skipped":0,"pct":100}}
,"/Users/exoulster/projects/worldpay-api-tester/apps/gateway/src/app/(portal)/merchants/page.tsx": {"lines":{"total":80,"covered":80,"skipped":0,"pct":100},"functions":{"total":2,"covered":2,"skipped":0,"pct":100},"statements":{"total":80,"covered":80,"skipped":0,"pct":100},"branches":{"total":19,"covered":16,"skipped":0,"pct":84.21}}
,"/Users/exoulster/projects/worldpay-api-tester/apps/gateway/src/app/(portal)/merchants/[id]/fraudsight-form.tsx": {"lines":{"total":135,"covered":0,"skipped":0,"pct":0},"functions":{"total":1,"covered":0,"skipped":0,"pct":0},"statements":{"total":135,"covered":0,"skipped":0,"pct":0},"branches":{"total":1,"covered":0,"skipped":0,"pct":0}}
,"/Users/exoulster/projects/worldpay-api-tester/apps/gateway/src/app/(portal)/merchants/[id]/page.tsx": {"lines":{"total":68,"covered":67,"skipped":0,"pct":98.52},"functions":{"total":1,"covered":1,"skipped":0,"pct":100},"statements":{"total":68,"covered":67,"skipped":0,"pct":98.52},"branches":{"total":18,"covered":9,"skipped":0,"pct":50}}
,"/Users/exoulster/projects/worldpay-api-tester/apps/gateway/src/app/(portal)/payment-methods/page.tsx": {"lines":{"total":59,"covered":59,"skipped":0,"pct":100},"functions":{"total":1,"covered":1,"skipped":0,"pct":100},"statements":{"total":59,"covered":59,"skipped":0,"pct":100},"branches":{"total":9,"covered":8,"skipped":0,"pct":88.88}}
,"/Users/exoulster/projects/worldpay-api-tester/apps/gateway/src/app/(portal)/payments/page.tsx": {"lines":{"total":113,"covered":99,"skipped":0,"pct":87.61},"functions":{"total":2,"covered":2,"skipped":0,"pct":100},"statements":{"total":113,"covered":99,"skipped":0,"pct":87.61},"branches":{"total":24,"covered":21,"skipped":0,"pct":87.5}}
,"/Users/exoulster/projects/worldpay-api-tester/apps/gateway/src/app/(portal)/payments/payment-filters.tsx": {"lines":{"total":47,"covered":1,"skipped":0,"pct":2.12},"functions":{"total":1,"covered":0,"skipped":0,"pct":0},"statements":{"total":47,"covered":1,"skipped":0,"pct":2.12},"branches":{"total":0,"covered":0,"skipped":0,"pct":100}}
,"/Users/exoulster/projects/worldpay-api-tester/apps/gateway/src/app/(portal)/payments/[id]/page.tsx": {"lines":{"total":94,"covered":92,"skipped":0,"pct":97.87},"functions":{"total":1,"covered":1,"skipped":0,"pct":100},"statements":{"total":94,"covered":92,"skipped":0,"pct":97.87},"branches":{"total":15,"covered":14,"skipped":0,"pct":93.33}}
,"/Users/exoulster/projects/worldpay-api-tester/apps/gateway/src/app/(portal)/payments/[id]/payment-actions.tsx": {"lines":{"total":91,"covered":0,"skipped":0,"pct":0},"functions":{"total":1,"covered":0,"skipped":0,"pct":0},"statements":{"total":91,"covered":0,"skipped":0,"pct":0},"branches":{"total":1,"covered":0,"skipped":0,"pct":0}}
,"/Users/exoulster/projects/worldpay-api-tester/apps/gateway/src/app/(portal)/refunds/page.tsx": {"lines":{"total":65,"covered":64,"skipped":0,"pct":98.46},"functions":{"total":1,"covered":1,"skipped":0,"pct":100},"statements":{"total":65,"covered":64,"skipped":0,"pct":98.46},"branches":{"total":11,"covered":10,"skipped":0,"pct":90.9}}
,"/Users/exoulster/projects/worldpay-api-tester/apps/gateway/src/app/(portal)/register/page.tsx": {"lines":{"total":81,"covered":78,"skipped":0,"pct":96.29},"functions":{"total":1,"covered":1,"skipped":0,"pct":100},"statements":{"total":81,"covered":78,"skipped":0,"pct":96.29},"branches":{"total":25,"covered":12,"skipped":0,"pct":48}}
,"/Users/exoulster/projects/worldpay-api-tester/apps/gateway/src/app/(portal)/settings/api-key-manager.tsx": {"lines":{"total":30,"covered":0,"skipped":0,"pct":0},"functions":{"total":1,"covered":1,"skipped":0,"pct":100},"statements":{"total":30,"covered":0,"skipped":0,"pct":0},"branches":{"total":1,"covered":1,"skipped":0,"pct":100}}
,"/Users/exoulster/projects/worldpay-api-tester/apps/gateway/src/app/(portal)/settings/page.tsx": {"lines":{"total":53,"covered":53,"skipped":0,"pct":100},"functions":{"total":1,"covered":1,"skipped":0,"pct":100},"statements":{"total":53,"covered":53,"skipped":0,"pct":100},"branches":{"total":8,"covered":8,"skipped":0,"pct":100}}
,"/Users/exoulster/projects/worldpay-api-tester/apps/gateway/src/app/(portal)/statements/page.tsx": {"lines":{"total":96,"covered":96,"skipped":0,"pct":100},"functions":{"total":1,"covered":1,"skipped":0,"pct":100},"statements":{"total":96,"covered":96,"skipped":0,"pct":100},"branches":{"total":17,"covered":16,"skipped":0,"pct":94.11}}
,"/Users/exoulster/projects/worldpay-api-tester/apps/gateway/src/app/api/auth/[...all]/route.ts": {"lines":{"total":4,"covered":0,"skipped":0,"pct":0},"functions":{"total":1,"covered":0,"skipped":0,"pct":0},"statements":{"total":4,"covered":0,"skipped":0,"pct":0},"branches":{"total":1,"covered":0,"skipped":0,"pct":0}}
,"/Users/exoulster/projects/worldpay-api-tester/apps/gateway/src/app/api/v1/3ds/callback/route.ts": {"lines":{"total":77,"covered":76,"skipped":0,"pct":98.7},"functions":{"total":5,"covered":4,"skipped":0,"pct":80},"statements":{"total":77,"covered":76,"skipped":0,"pct":98.7},"branches":{"total":26,"covered":24,"skipped":0,"pct":92.3}}
,"/Users/exoulster/projects/worldpay-api-tester/apps/gateway/src/app/api/v1/payment_intents/route.ts": {"lines":{"total":67,"covered":32,"skipped":0,"pct":47.76},"functions":{"total":9,"covered":6,"skipped":0,"pct":66.66},"statements":{"total":67,"covered":32,"skipped":0,"pct":47.76},"branches":{"total":12,"covered":12,"skipped":0,"pct":100}}
,"/Users/exoulster/projects/worldpay-api-tester/apps/gateway/src/app/api/v1/payment_intents/[id]/route.ts": {"lines":{"total":39,"covered":28,"skipped":0,"pct":71.79},"functions":{"total":6,"covered":5,"skipped":0,"pct":83.33},"statements":{"total":39,"covered":28,"skipped":0,"pct":71.79},"branches":{"total":7,"covered":5,"skipped":0,"pct":71.42}}
,"/Users/exoulster/projects/worldpay-api-tester/apps/gateway/src/app/api/v1/payment_intents/[id]/cancel/route.ts": {"lines":{"total":33,"covered":29,"skipped":0,"pct":87.87},"functions":{"total":7,"covered":5,"skipped":0,"pct":71.42},"statements":{"total":33,"covered":29,"skipped":0,"pct":87.87},"branches":{"total":8,"covered":7,"skipped":0,"pct":87.5}}
,"/Users/exoulster/projects/worldpay-api-tester/apps/gateway/src/app/api/v1/payment_intents/[id]/capture/route.ts": {"lines":{"total":34,"covered":30,"skipped":0,"pct":88.23},"functions":{"total":7,"covered":5,"skipped":0,"pct":71.42},"statements":{"total":34,"covered":30,"skipped":0,"pct":88.23},"branches":{"total":9,"covered":8,"skipped":0,"pct":88.88}}
,"/Users/exoulster/projects/worldpay-api-tester/apps/gateway/src/app/api/v1/payment_intents/[id]/device_data/route.ts": {"lines":{"total":187,"covered":159,"skipped":0,"pct":85.02},"functions":{"total":5,"covered":4,"skipped":0,"pct":80},"statements":{"total":187,"covered":159,"skipped":0,"pct":85.02},"branches":{"total":27,"covered":20,"skipped":0,"pct":74.07}}
,"/Users/exoulster/projects/worldpay-api-tester/apps/gateway/src/app/api/v1/payment_methods/route.ts": {"lines":{"total":206,"covered":184,"skipped":0,"pct":89.32},"functions":{"total":5,"covered":5,"skipped":0,"pct":100},"statements":{"total":206,"covered":184,"skipped":0,"pct":89.32},"branches":{"total":62,"covered":41,"skipped":0,"pct":66.12}}
,"/Users/exoulster/projects/worldpay-api-tester/apps/gateway/src/app/api/v1/payment_methods/schema.ts": {"lines":{"total":24,"covered":24,"skipped":0,"pct":100},"functions":{"total":0,"covered":0,"skipped":0,"pct":100},"statements":{"total":24,"covered":24,"skipped":0,"pct":100},"branches":{"total":0,"covered":0,"skipped":0,"pct":100}}
,"/Users/exoulster/projects/worldpay-api-tester/apps/gateway/src/app/api/v1/payment_methods/[id]/route.ts": {"lines":{"total":59,"covered":48,"skipped":0,"pct":81.35},"functions":{"total":1,"covered":1,"skipped":0,"pct":100},"statements":{"total":59,"covered":48,"skipped":0,"pct":81.35},"branches":{"total":10,"covered":8,"skipped":0,"pct":80}}
,"/Users/exoulster/projects/worldpay-api-tester/apps/gateway/src/app/api/v1/refunds/route.ts": {"lines":{"total":45,"covered":43,"skipped":0,"pct":95.55},"functions":{"total":1,"covered":1,"skipped":0,"pct":100},"statements":{"total":45,"covered":43,"skipped":0,"pct":95.55},"branches":{"total":29,"covered":24,"skipped":0,"pct":82.75}}
,"/Users/exoulster/projects/worldpay-api-tester/apps/gateway/src/app/api/v1/refunds/[id]/route.ts": {"lines":{"total":27,"covered":25,"skipped":0,"pct":92.59},"functions":{"total":1,"covered":1,"skipped":0,"pct":100},"statements":{"total":27,"covered":25,"skipped":0,"pct":92.59},"branches":{"total":6,"covered":2,"skipped":0,"pct":33.33}}
,"/Users/exoulster/projects/worldpay-api-tester/apps/gateway/src/app/api/v1/statements/route.ts": {"lines":{"total":33,"covered":23,"skipped":0,"pct":69.69},"functions":{"total":7,"covered":5,"skipped":0,"pct":71.42},"statements":{"total":33,"covered":23,"skipped":0,"pct":69.69},"branches":{"total":7,"covered":6,"skipped":0,"pct":85.71}}
,"/Users/exoulster/projects/worldpay-api-tester/apps/gateway/src/app/login/page.tsx": {"lines":{"total":65,"covered":0,"skipped":0,"pct":0},"functions":{"total":1,"covered":1,"skipped":0,"pct":100},"statements":{"total":65,"covered":0,"skipped":0,"pct":0},"branches":{"total":1,"covered":1,"skipped":0,"pct":100}}
,"/Users/exoulster/projects/worldpay-api-tester/apps/gateway/src/components/ui/badge.tsx": {"lines":{"total":19,"covered":0,"skipped":0,"pct":0},"functions":{"total":1,"covered":1,"skipped":0,"pct":100},"statements":{"total":19,"covered":0,"skipped":0,"pct":0},"branches":{"total":1,"covered":1,"skipped":0,"pct":100}}
,"/Users/exoulster/projects/worldpay-api-tester/apps/gateway/src/components/ui/button.tsx": {"lines":{"total":52,"covered":0,"skipped":0,"pct":0},"functions":{"total":1,"covered":0,"skipped":0,"pct":0},"statements":{"total":52,"covered":0,"skipped":0,"pct":0},"branches":{"total":1,"covered":0,"skipped":0,"pct":0}}
,"/Users/exoulster/projects/worldpay-api-tester/apps/gateway/src/components/ui/card.tsx": {"lines":{"total":77,"covered":0,"skipped":0,"pct":0},"functions":{"total":1,"covered":1,"skipped":0,"pct":100},"statements":{"total":77,"covered":0,"skipped":0,"pct":0},"branches":{"total":1,"covered":1,"skipped":0,"pct":100}}
,"/Users/exoulster/projects/worldpay-api-tester/apps/gateway/src/components/ui/field-group.tsx": {"lines":{"total":22,"covered":0,"skipped":0,"pct":0},"functions":{"total":1,"covered":1,"skipped":0,"pct":100},"statements":{"total":22,"covered":0,"skipped":0,"pct":0},"branches":{"total":1,"covered":1,"skipped":0,"pct":100}}
,"/Users/exoulster/projects/worldpay-api-tester/apps/gateway/src/components/ui/input.tsx": {"lines":{"total":14,"covered":0,"skipped":0,"pct":0},"functions":{"total":1,"covered":1,"skipped":0,"pct":100},"statements":{"total":14,"covered":0,"skipped":0,"pct":0},"branches":{"total":1,"covered":1,"skipped":0,"pct":100}}
,"/Users/exoulster/projects/worldpay-api-tester/apps/gateway/src/components/ui/label.tsx": {"lines":{"total":12,"covered":0,"skipped":0,"pct":0},"functions":{"total":1,"covered":1,"skipped":0,"pct":100},"statements":{"total":12,"covered":0,"skipped":0,"pct":0},"branches":{"total":1,"covered":1,"skipped":0,"pct":100}}
,"/Users/exoulster/projects/worldpay-api-tester/apps/gateway/src/context/session-context.tsx": {"lines":{"total":20,"covered":0,"skipped":0,"pct":0},"functions":{"total":1,"covered":1,"skipped":0,"pct":100},"statements":{"total":20,"covered":0,"skipped":0,"pct":0},"branches":{"total":1,"covered":1,"skipped":0,"pct":100}}
,"/Users/exoulster/projects/worldpay-api-tester/apps/gateway/src/dal/portal.ts": {"lines":{"total":212,"covered":136,"skipped":0,"pct":64.15},"functions":{"total":19,"covered":11,"skipped":0,"pct":57.89},"statements":{"total":212,"covered":136,"skipped":0,"pct":64.15},"branches":{"total":34,"covered":23,"skipped":0,"pct":67.64}}
,"/Users/exoulster/projects/worldpay-api-tester/apps/gateway/src/lib/auth-client.ts": {"lines":{"total":4,"covered":0,"skipped":0,"pct":0},"functions":{"total":1,"covered":0,"skipped":0,"pct":0},"statements":{"total":4,"covered":0,"skipped":0,"pct":0},"branches":{"total":1,"covered":0,"skipped":0,"pct":0}}
,"/Users/exoulster/projects/worldpay-api-tester/apps/gateway/src/lib/auth-server.ts": {"lines":{"total":75,"covered":21,"skipped":0,"pct":28},"functions":{"total":3,"covered":1,"skipped":0,"pct":33.33},"statements":{"total":75,"covered":21,"skipped":0,"pct":28},"branches":{"total":5,"covered":5,"skipped":0,"pct":100}}
,"/Users/exoulster/projects/worldpay-api-tester/apps/gateway/src/lib/auth.ts": {"lines":{"total":41,"covered":40,"skipped":0,"pct":97.56},"functions":{"total":3,"covered":3,"skipped":0,"pct":100},"statements":{"total":41,"covered":40,"skipped":0,"pct":97.56},"branches":{"total":15,"covered":12,"skipped":0,"pct":80}}
,"/Users/exoulster/projects/worldpay-api-tester/apps/gateway/src/lib/encryption.ts": {"lines":{"total":43,"covered":37,"skipped":0,"pct":86.04},"functions":{"total":3,"covered":3,"skipped":0,"pct":100},"statements":{"total":43,"covered":37,"skipped":0,"pct":86.04},"branches":{"total":5,"covered":3,"skipped":0,"pct":60}}
,"/Users/exoulster/projects/worldpay-api-tester/apps/gateway/src/lib/id-generator.ts": {"lines":{"total":18,"covered":16,"skipped":0,"pct":88.88},"functions":{"total":3,"covered":2,"skipped":0,"pct":66.66},"statements":{"total":18,"covered":16,"skipped":0,"pct":88.88},"branches":{"total":3,"covered":3,"skipped":0,"pct":100}}
,"/Users/exoulster/projects/worldpay-api-tester/apps/gateway/src/lib/middleware.ts": {"lines":{"total":37,"covered":21,"skipped":0,"pct":56.75},"functions":{"total":2,"covered":2,"skipped":0,"pct":100},"statements":{"total":37,"covered":21,"skipped":0,"pct":56.75},"branches":{"total":6,"covered":5,"skipped":0,"pct":83.33}}
,"/Users/exoulster/projects/worldpay-api-tester/apps/gateway/src/lib/payment-intent-service.ts": {"lines":{"total":720,"covered":620,"skipped":0,"pct":86.11},"functions":{"total":8,"covered":8,"skipped":0,"pct":100},"statements":{"total":720,"covered":620,"skipped":0,"pct":86.11},"branches":{"total":199,"covered":146,"skipped":0,"pct":73.36}}
,"/Users/exoulster/projects/worldpay-api-tester/apps/gateway/src/lib/schemas.ts": {"lines":{"total":62,"covered":62,"skipped":0,"pct":100},"functions":{"total":0,"covered":0,"skipped":0,"pct":100},"statements":{"total":62,"covered":62,"skipped":0,"pct":100},"branches":{"total":0,"covered":0,"skipped":0,"pct":100}}
,"/Users/exoulster/projects/worldpay-api-tester/apps/gateway/src/lib/statements-service.ts": {"lines":{"total":91,"covered":91,"skipped":0,"pct":100},"functions":{"total":1,"covered":1,"skipped":0,"pct":100},"statements":{"total":91,"covered":91,"skipped":0,"pct":100},"branches":{"total":24,"covered":22,"skipped":0,"pct":91.66}}
,"/Users/exoulster/projects/worldpay-api-tester/apps/gateway/src/lib/utils.ts": {"lines":{"total":5,"covered":5,"skipped":0,"pct":100},"functions":{"total":1,"covered":1,"skipped":0,"pct":100},"statements":{"total":5,"covered":5,"skipped":0,"pct":100},"branches":{"total":1,"covered":1,"skipped":0,"pct":100}}
,"/Users/exoulster/projects/worldpay-api-tester/apps/gateway/src/lib/worldpay-client.ts": {"lines":{"total":77,"covered":67,"skipped":0,"pct":87.01},"functions":{"total":6,"covered":5,"skipped":0,"pct":83.33},"statements":{"total":77,"covered":67,"skipped":0,"pct":87.01},"branches":{"total":12,"covered":7,"skipped":0,"pct":58.33}}
,"/Users/exoulster/projects/worldpay-api-tester/apps/gateway/src/lib/worldpay-types.ts": {"lines":{"total":0,"covered":0,"skipped":0,"pct":100},"functions":{"total":1,"covered":1,"skipped":0,"pct":100},"statements":{"total":0,"covered":0,"skipped":0,"pct":100},"branches":{"total":1,"covered":1,"skipped":0,"pct":100}}
,"/Users/exoulster/projects/worldpay-api-tester/apps/gateway/src/lib/worldpay.ts": {"lines":{"total":15,"covered":15,"skipped":0,"pct":100},"functions":{"total":2,"covered":2,"skipped":0,"pct":100},"statements":{"total":15,"covered":15,"skipped":0,"pct":100},"branches":{"total":6,"covered":3,"skipped":0,"pct":50}}
}
